   1               		.file	"main.c"
   2               	__SP_H__ = 0x3e
   3               	__SP_L__ = 0x3d
   4               	__SREG__ = 0x3f
   5               	__tmp_reg__ = 0
   6               	__zero_reg__ = 1
   8               		.text
   9               	.Ltext0:
 118               		.section	.text.startup,"ax",@progbits
 120               	.global	main
 122               	main:
   1:/Users/davide/Documents/NQM_WORK/MinimizedBoard/Attiny48/i2ctest/CC1101/CC1101/main.c **** #include <stdio.h>
   2:/Users/davide/Documents/NQM_WORK/MinimizedBoard/Attiny48/i2ctest/CC1101/CC1101/main.c **** #include <avr/io.h>
   3:/Users/davide/Documents/NQM_WORK/MinimizedBoard/Attiny48/i2ctest/CC1101/CC1101/main.c **** #include <avr/interrupt.h>
   4:/Users/davide/Documents/NQM_WORK/MinimizedBoard/Attiny48/i2ctest/CC1101/CC1101/main.c **** #include <util/delay.h>
   5:/Users/davide/Documents/NQM_WORK/MinimizedBoard/Attiny48/i2ctest/CC1101/CC1101/main.c **** #include "TWI_Master.h"
   6:/Users/davide/Documents/NQM_WORK/MinimizedBoard/Attiny48/i2ctest/CC1101/CC1101/main.c **** #include "cc.h"
   7:/Users/davide/Documents/NQM_WORK/MinimizedBoard/Attiny48/i2ctest/CC1101/CC1101/main.c **** #define slaveaddress    0x04
   8:/Users/davide/Documents/NQM_WORK/MinimizedBoard/Attiny48/i2ctest/CC1101/CC1101/main.c **** int main(void) {
 124               	.LM0:
 125               	.LFBB1:
 126 0000 CF93      		push r28
 127 0002 DF93      		push r29
 128 0004 1F92      		push __zero_reg__
 129 0006 CDB7      		in r28,__SP_L__
 130 0008 DEB7      		in r29,__SP_H__
 131               	/* prologue: function */
 132               	/* frame size = 1 */
 133               	/* stack size = 3 */
 134               	.L__stack_usage = 3
   9:/Users/davide/Documents/NQM_WORK/MinimizedBoard/Attiny48/i2ctest/CC1101/CC1101/main.c ****     if (!TWIM_Init (100000))
 136               	.LM1:
 137 000a 60EA      		ldi r22,lo8(-96)
 138 000c 76E8      		ldi r23,lo8(-122)
 139 000e 81E0      		ldi r24,lo8(1)
 140 0010 90E0      		ldi r25,0
 141 0012 00D0      		rcall TWIM_Init
 142 0014 8111      		cpse r24,__zero_reg__
 143 0016 00C0      		rjmp .L2
 144               	.L3:
  10:/Users/davide/Documents/NQM_WORK/MinimizedBoard/Attiny48/i2ctest/CC1101/CC1101/main.c ****     {
  11:/Users/davide/Documents/NQM_WORK/MinimizedBoard/Attiny48/i2ctest/CC1101/CC1101/main.c ****         
  12:/Users/davide/Documents/NQM_WORK/MinimizedBoard/Attiny48/i2ctest/CC1101/CC1101/main.c ****         while (1);
 146               	.LM2:
 147 0018 00C0      		rjmp .L3
 148               	.L2:
 149               	.LBB5:
  13:/Users/davide/Documents/NQM_WORK/MinimizedBoard/Attiny48/i2ctest/CC1101/CC1101/main.c ****     }
  14:/Users/davide/Documents/NQM_WORK/MinimizedBoard/Attiny48/i2ctest/CC1101/CC1101/main.c ****     /*
  15:/Users/davide/Documents/NQM_WORK/MinimizedBoard/Attiny48/i2ctest/CC1101/CC1101/main.c ****      ** Endless loop
  16:/Users/davide/Documents/NQM_WORK/MinimizedBoard/Attiny48/i2ctest/CC1101/CC1101/main.c ****      */
  17:/Users/davide/Documents/NQM_WORK/MinimizedBoard/Attiny48/i2ctest/CC1101/CC1101/main.c ****     while (1)
  18:/Users/davide/Documents/NQM_WORK/MinimizedBoard/Attiny48/i2ctest/CC1101/CC1101/main.c ****     {
  19:/Users/davide/Documents/NQM_WORK/MinimizedBoard/Attiny48/i2ctest/CC1101/CC1101/main.c **** //        CC1101 cc1101;
  20:/Users/davide/Documents/NQM_WORK/MinimizedBoard/Attiny48/i2ctest/CC1101/CC1101/main.c ****         byte syncWord = 199;
 151               	.LM3:
 152 001a 87EC      		ldi r24,lo8(-57)
 153 001c E82E      		mov r14,r24
 154               	.L6:
 155 001e E982      		std Y+1,r14
  21:/Users/davide/Documents/NQM_WORK/MinimizedBoard/Attiny48/i2ctest/CC1101/CC1101/main.c ****         byte partum, version,marcstate;
  22:/Users/davide/Documents/NQM_WORK/MinimizedBoard/Attiny48/i2ctest/CC1101/CC1101/main.c ****         init();
 157               	.LM4:
 158 0020 00D0      		rcall init
  23:/Users/davide/Documents/NQM_WORK/MinimizedBoard/Attiny48/i2ctest/CC1101/CC1101/main.c ****         setSyncWordbytes(&syncWord, false);
 160               	.LM5:
 161 0022 60E0      		ldi r22,0
 162 0024 CE01      		movw r24,r28
 163 0026 0196      		adiw r24,1
 164 0028 00D0      		rcall setSyncWordbytes
  24:/Users/davide/Documents/NQM_WORK/MinimizedBoard/Attiny48/i2ctest/CC1101/CC1101/main.c ****         setCarrierFreq(CFREQ_433);
 166               	.LM6:
 167 002a 82E0      		ldi r24,lo8(2)
 168 002c 00D0      		rcall setCarrierFreq
  25:/Users/davide/Documents/NQM_WORK/MinimizedBoard/Attiny48/i2ctest/CC1101/CC1101/main.c ****         disableAddressCheck();
 170               	.LM7:
 171 002e 64E0      		ldi r22,lo8(4)
 172 0030 87E0      		ldi r24,lo8(7)
 173 0032 00D0      		rcall writeReg
  26:/Users/davide/Documents/NQM_WORK/MinimizedBoard/Attiny48/i2ctest/CC1101/CC1101/main.c **** //        add = SpiReadStatus(CC1101_VERSION);
  27:/Users/davide/Documents/NQM_WORK/MinimizedBoard/Attiny48/i2ctest/CC1101/CC1101/main.c ****         
  28:/Users/davide/Documents/NQM_WORK/MinimizedBoard/Attiny48/i2ctest/CC1101/CC1101/main.c ****         partum = readReg(CC1101_PARTNUM, CC1101_STATUS_REGISTER);
 175               	.LM8:
 176 0034 60EC      		ldi r22,lo8(-64)
 177 0036 80E3      		ldi r24,lo8(48)
 178 0038 00D0      		rcall readReg
 179 003a 082F      		mov r16,r24
  29:/Users/davide/Documents/NQM_WORK/MinimizedBoard/Attiny48/i2ctest/CC1101/CC1101/main.c ****         version = readReg(CC1101_VERSION, CC1101_STATUS_REGISTER);
 181               	.LM9:
 182 003c 60EC      		ldi r22,lo8(-64)
 183 003e 81E3      		ldi r24,lo8(49)
 184 0040 00D0      		rcall readReg
 185 0042 F82E      		mov r15,r24
  30:/Users/davide/Documents/NQM_WORK/MinimizedBoard/Attiny48/i2ctest/CC1101/CC1101/main.c ****         marcstate = readReg(CC1101_MARCSTATE, CC1101_STATUS_REGISTER) & 0x1f;
 187               	.LM10:
 188 0044 60EC      		ldi r22,lo8(-64)
 189 0046 85E3      		ldi r24,lo8(53)
 190 0048 00D0      		rcall readReg
 191 004a 182F      		mov r17,r24
  31:/Users/davide/Documents/NQM_WORK/MinimizedBoard/Attiny48/i2ctest/CC1101/CC1101/main.c ****         
  32:/Users/davide/Documents/NQM_WORK/MinimizedBoard/Attiny48/i2ctest/CC1101/CC1101/main.c ****         if (!TWIM_Start (slaveaddress, TWIM_WRITE))
 193               	.LM11:
 194 004c 60E0      		ldi r22,0
 195 004e 84E0      		ldi r24,lo8(4)
 196 0050 00D0      		rcall TWIM_Start
 197 0052 8111      		cpse r24,__zero_reg__
 198 0054 00C0      		rjmp .L4
  33:/Users/davide/Documents/NQM_WORK/MinimizedBoard/Attiny48/i2ctest/CC1101/CC1101/main.c ****         {
  34:/Users/davide/Documents/NQM_WORK/MinimizedBoard/Attiny48/i2ctest/CC1101/CC1101/main.c ****             TWIM_Stop ();            
 200               	.LM12:
 201 0056 00D0      		rcall TWIM_Stop
 202 0058 00C0      		rjmp .L6
 203               	.L4:
  35:/Users/davide/Documents/NQM_WORK/MinimizedBoard/Attiny48/i2ctest/CC1101/CC1101/main.c ****         }
  36:/Users/davide/Documents/NQM_WORK/MinimizedBoard/Attiny48/i2ctest/CC1101/CC1101/main.c ****         else
  37:/Users/davide/Documents/NQM_WORK/MinimizedBoard/Attiny48/i2ctest/CC1101/CC1101/main.c ****         {
  38:/Users/davide/Documents/NQM_WORK/MinimizedBoard/Attiny48/i2ctest/CC1101/CC1101/main.c ****             TWIM_Write(30);
 205               	.LM13:
 206 005a 8EE1      		ldi r24,lo8(30)
 207 005c 00D0      		rcall TWIM_Write
  39:/Users/davide/Documents/NQM_WORK/MinimizedBoard/Attiny48/i2ctest/CC1101/CC1101/main.c ****             TWIM_Write(version);
 209               	.LM14:
 210 005e 8F2D      		mov r24,r15
 211 0060 00D0      		rcall TWIM_Write
  40:/Users/davide/Documents/NQM_WORK/MinimizedBoard/Attiny48/i2ctest/CC1101/CC1101/main.c ****             TWIM_Write(partum);
 213               	.LM15:
 214 0062 802F      		mov r24,r16
 215 0064 00D0      		rcall TWIM_Write
  41:/Users/davide/Documents/NQM_WORK/MinimizedBoard/Attiny48/i2ctest/CC1101/CC1101/main.c ****             TWIM_Write(marcstate);
 217               	.LM16:
 218 0066 812F      		mov r24,r17
 219 0068 8F71      		andi r24,lo8(31)
 220 006a 00D0      		rcall TWIM_Write
  42:/Users/davide/Documents/NQM_WORK/MinimizedBoard/Attiny48/i2ctest/CC1101/CC1101/main.c ****             TWIM_Stop ();
 222               	.LM17:
 223 006c 00D0      		rcall TWIM_Stop
 224               	.LBB6:
 225               	.LBB7:
 227               	.Ltext1:
   1:/usr/local/Cellar/avr-gcc/4.9.3/avr/include/util/delay.h **** /* Copyright (c) 2002, Marek Michalkiewicz
   2:/usr/local/Cellar/avr-gcc/4.9.3/avr/include/util/delay.h ****    Copyright (c) 2004,2005,2007 Joerg Wunsch
   3:/usr/local/Cellar/avr-gcc/4.9.3/avr/include/util/delay.h ****    Copyright (c) 2007  Florin-Viorel Petrov
   4:/usr/local/Cellar/avr-gcc/4.9.3/avr/include/util/delay.h ****    All rights reserved.
   5:/usr/local/Cellar/avr-gcc/4.9.3/avr/include/util/delay.h **** 
   6:/usr/local/Cellar/avr-gcc/4.9.3/avr/include/util/delay.h ****    Redistribution and use in source and binary forms, with or without
   7:/usr/local/Cellar/avr-gcc/4.9.3/avr/include/util/delay.h ****    modification, are permitted provided that the following conditions are met:
   8:/usr/local/Cellar/avr-gcc/4.9.3/avr/include/util/delay.h **** 
   9:/usr/local/Cellar/avr-gcc/4.9.3/avr/include/util/delay.h ****    * Redistributions of source code must retain the above copyright
  10:/usr/local/Cellar/avr-gcc/4.9.3/avr/include/util/delay.h ****      notice, this list of conditions and the following disclaimer.
  11:/usr/local/Cellar/avr-gcc/4.9.3/avr/include/util/delay.h **** 
  12:/usr/local/Cellar/avr-gcc/4.9.3/avr/include/util/delay.h ****    * Redistributions in binary form must reproduce the above copyright
  13:/usr/local/Cellar/avr-gcc/4.9.3/avr/include/util/delay.h ****      notice, this list of conditions and the following disclaimer in
  14:/usr/local/Cellar/avr-gcc/4.9.3/avr/include/util/delay.h ****      the documentation and/or other materials provided with the
  15:/usr/local/Cellar/avr-gcc/4.9.3/avr/include/util/delay.h ****      distribution.
  16:/usr/local/Cellar/avr-gcc/4.9.3/avr/include/util/delay.h **** 
  17:/usr/local/Cellar/avr-gcc/4.9.3/avr/include/util/delay.h ****    * Neither the name of the copyright holders nor the names of
  18:/usr/local/Cellar/avr-gcc/4.9.3/avr/include/util/delay.h ****      contributors may be used to endorse or promote products derived
  19:/usr/local/Cellar/avr-gcc/4.9.3/avr/include/util/delay.h ****      from this software without specific prior written permission.
  20:/usr/local/Cellar/avr-gcc/4.9.3/avr/include/util/delay.h **** 
  21:/usr/local/Cellar/avr-gcc/4.9.3/avr/include/util/delay.h ****   THIS SOFTWARE IS PROVIDED BY THE COPYRIGHT HOLDERS AND CONTRIBUTORS "AS IS"
  22:/usr/local/Cellar/avr-gcc/4.9.3/avr/include/util/delay.h ****   AND ANY EXPRESS OR IMPLIED WARRANTIES, INCLUDING, BUT NOT LIMITED TO, THE
  23:/usr/local/Cellar/avr-gcc/4.9.3/avr/include/util/delay.h ****   IMPLIED WARRANTIES OF MERCHANTABILITY AND FITNESS FOR A PARTICULAR PURPOSE
  24:/usr/local/Cellar/avr-gcc/4.9.3/avr/include/util/delay.h ****   ARE DISCLAIMED. IN NO EVENT SHALL THE COPYRIGHT OWNER OR CONTRIBUTORS BE
  25:/usr/local/Cellar/avr-gcc/4.9.3/avr/include/util/delay.h ****   LIABLE FOR ANY DIRECT, INDIRECT, INCIDENTAL, SPECIAL, EXEMPLARY, OR
  26:/usr/local/Cellar/avr-gcc/4.9.3/avr/include/util/delay.h ****   CONSEQUENTIAL DAMAGES (INCLUDING, BUT NOT LIMITED TO, PROCUREMENT OF
  27:/usr/local/Cellar/avr-gcc/4.9.3/avr/include/util/delay.h ****   SUBSTITUTE GOODS OR SERVICES; LOSS OF USE, DATA, OR PROFITS; OR BUSINESS
  28:/usr/local/Cellar/avr-gcc/4.9.3/avr/include/util/delay.h ****   INTERRUPTION) HOWEVER CAUSED AND ON ANY THEORY OF LIABILITY, WHETHER IN
  29:/usr/local/Cellar/avr-gcc/4.9.3/avr/include/util/delay.h ****   CONTRACT, STRICT LIABILITY, OR TORT (INCLUDING NEGLIGENCE OR OTHERWISE)
  30:/usr/local/Cellar/avr-gcc/4.9.3/avr/include/util/delay.h ****   ARISING IN ANY WAY OUT OF THE USE OF THIS SOFTWARE, EVEN IF ADVISED OF THE
  31:/usr/local/Cellar/avr-gcc/4.9.3/avr/include/util/delay.h ****   POSSIBILITY OF SUCH DAMAGE. */
  32:/usr/local/Cellar/avr-gcc/4.9.3/avr/include/util/delay.h **** 
  33:/usr/local/Cellar/avr-gcc/4.9.3/avr/include/util/delay.h **** /* $Id: delay.h.in 2385 2013-05-03 13:14:20Z joerg_wunsch $ */
  34:/usr/local/Cellar/avr-gcc/4.9.3/avr/include/util/delay.h **** 
  35:/usr/local/Cellar/avr-gcc/4.9.3/avr/include/util/delay.h **** #ifndef _UTIL_DELAY_H_
  36:/usr/local/Cellar/avr-gcc/4.9.3/avr/include/util/delay.h **** #define _UTIL_DELAY_H_ 1
  37:/usr/local/Cellar/avr-gcc/4.9.3/avr/include/util/delay.h **** 
  38:/usr/local/Cellar/avr-gcc/4.9.3/avr/include/util/delay.h **** #ifndef __HAS_DELAY_CYCLES
  39:/usr/local/Cellar/avr-gcc/4.9.3/avr/include/util/delay.h **** #define __HAS_DELAY_CYCLES 1
  40:/usr/local/Cellar/avr-gcc/4.9.3/avr/include/util/delay.h **** #endif
  41:/usr/local/Cellar/avr-gcc/4.9.3/avr/include/util/delay.h **** 
  42:/usr/local/Cellar/avr-gcc/4.9.3/avr/include/util/delay.h **** #include <inttypes.h>
  43:/usr/local/Cellar/avr-gcc/4.9.3/avr/include/util/delay.h **** #include <util/delay_basic.h>
  44:/usr/local/Cellar/avr-gcc/4.9.3/avr/include/util/delay.h **** #include <math.h>
  45:/usr/local/Cellar/avr-gcc/4.9.3/avr/include/util/delay.h **** 
  46:/usr/local/Cellar/avr-gcc/4.9.3/avr/include/util/delay.h **** /** \file */
  47:/usr/local/Cellar/avr-gcc/4.9.3/avr/include/util/delay.h **** /** \defgroup util_delay <util/delay.h>: Convenience functions for busy-wait delay loops
  48:/usr/local/Cellar/avr-gcc/4.9.3/avr/include/util/delay.h ****     \code
  49:/usr/local/Cellar/avr-gcc/4.9.3/avr/include/util/delay.h ****     #define F_CPU 1000000UL  // 1 MHz
  50:/usr/local/Cellar/avr-gcc/4.9.3/avr/include/util/delay.h ****     //#define F_CPU 14.7456E6
  51:/usr/local/Cellar/avr-gcc/4.9.3/avr/include/util/delay.h ****     #include <util/delay.h>
  52:/usr/local/Cellar/avr-gcc/4.9.3/avr/include/util/delay.h ****     \endcode
  53:/usr/local/Cellar/avr-gcc/4.9.3/avr/include/util/delay.h **** 
  54:/usr/local/Cellar/avr-gcc/4.9.3/avr/include/util/delay.h ****     \note As an alternative method, it is possible to pass the
  55:/usr/local/Cellar/avr-gcc/4.9.3/avr/include/util/delay.h ****     F_CPU macro down to the compiler from the Makefile.
  56:/usr/local/Cellar/avr-gcc/4.9.3/avr/include/util/delay.h ****     Obviously, in that case, no \c \#define statement should be
  57:/usr/local/Cellar/avr-gcc/4.9.3/avr/include/util/delay.h ****     used.
  58:/usr/local/Cellar/avr-gcc/4.9.3/avr/include/util/delay.h **** 
  59:/usr/local/Cellar/avr-gcc/4.9.3/avr/include/util/delay.h ****     The functions in this header file are wrappers around the basic
  60:/usr/local/Cellar/avr-gcc/4.9.3/avr/include/util/delay.h ****     busy-wait functions from <util/delay_basic.h>.  They are meant as
  61:/usr/local/Cellar/avr-gcc/4.9.3/avr/include/util/delay.h ****     convenience functions where actual time values can be specified
  62:/usr/local/Cellar/avr-gcc/4.9.3/avr/include/util/delay.h ****     rather than a number of cycles to wait for.  The idea behind is
  63:/usr/local/Cellar/avr-gcc/4.9.3/avr/include/util/delay.h ****     that compile-time constant expressions will be eliminated by
  64:/usr/local/Cellar/avr-gcc/4.9.3/avr/include/util/delay.h ****     compiler optimization so floating-point expressions can be used
  65:/usr/local/Cellar/avr-gcc/4.9.3/avr/include/util/delay.h ****     to calculate the number of delay cycles needed based on the CPU
  66:/usr/local/Cellar/avr-gcc/4.9.3/avr/include/util/delay.h ****     frequency passed by the macro F_CPU.
  67:/usr/local/Cellar/avr-gcc/4.9.3/avr/include/util/delay.h **** 
  68:/usr/local/Cellar/avr-gcc/4.9.3/avr/include/util/delay.h ****     \note In order for these functions to work as intended, compiler
  69:/usr/local/Cellar/avr-gcc/4.9.3/avr/include/util/delay.h ****     optimizations <em>must</em> be enabled, and the delay time
  70:/usr/local/Cellar/avr-gcc/4.9.3/avr/include/util/delay.h ****     <em>must</em> be an expression that is a known constant at
  71:/usr/local/Cellar/avr-gcc/4.9.3/avr/include/util/delay.h ****     compile-time.  If these requirements are not met, the resulting
  72:/usr/local/Cellar/avr-gcc/4.9.3/avr/include/util/delay.h ****     delay will be much longer (and basically unpredictable), and
  73:/usr/local/Cellar/avr-gcc/4.9.3/avr/include/util/delay.h ****     applications that otherwise do not use floating-point calculations
  74:/usr/local/Cellar/avr-gcc/4.9.3/avr/include/util/delay.h ****     will experience severe code bloat by the floating-point library
  75:/usr/local/Cellar/avr-gcc/4.9.3/avr/include/util/delay.h ****     routines linked into the application.
  76:/usr/local/Cellar/avr-gcc/4.9.3/avr/include/util/delay.h **** 
  77:/usr/local/Cellar/avr-gcc/4.9.3/avr/include/util/delay.h ****     The functions available allow the specification of microsecond, and
  78:/usr/local/Cellar/avr-gcc/4.9.3/avr/include/util/delay.h ****     millisecond delays directly, using the application-supplied macro
  79:/usr/local/Cellar/avr-gcc/4.9.3/avr/include/util/delay.h ****     F_CPU as the CPU clock frequency (in Hertz).
  80:/usr/local/Cellar/avr-gcc/4.9.3/avr/include/util/delay.h **** 
  81:/usr/local/Cellar/avr-gcc/4.9.3/avr/include/util/delay.h **** */
  82:/usr/local/Cellar/avr-gcc/4.9.3/avr/include/util/delay.h **** 
  83:/usr/local/Cellar/avr-gcc/4.9.3/avr/include/util/delay.h **** #if !defined(__DOXYGEN__)
  84:/usr/local/Cellar/avr-gcc/4.9.3/avr/include/util/delay.h **** static inline void _delay_us(double __us) __attribute__((always_inline));
  85:/usr/local/Cellar/avr-gcc/4.9.3/avr/include/util/delay.h **** static inline void _delay_ms(double __ms) __attribute__((always_inline));
  86:/usr/local/Cellar/avr-gcc/4.9.3/avr/include/util/delay.h **** #endif
  87:/usr/local/Cellar/avr-gcc/4.9.3/avr/include/util/delay.h **** 
  88:/usr/local/Cellar/avr-gcc/4.9.3/avr/include/util/delay.h **** #ifndef F_CPU
  89:/usr/local/Cellar/avr-gcc/4.9.3/avr/include/util/delay.h **** /* prevent compiler error by supplying a default */
  90:/usr/local/Cellar/avr-gcc/4.9.3/avr/include/util/delay.h **** # warning "F_CPU not defined for <util/delay.h>"
  91:/usr/local/Cellar/avr-gcc/4.9.3/avr/include/util/delay.h **** # define F_CPU 1000000UL
  92:/usr/local/Cellar/avr-gcc/4.9.3/avr/include/util/delay.h **** #endif
  93:/usr/local/Cellar/avr-gcc/4.9.3/avr/include/util/delay.h **** 
  94:/usr/local/Cellar/avr-gcc/4.9.3/avr/include/util/delay.h **** #ifndef __OPTIMIZE__
  95:/usr/local/Cellar/avr-gcc/4.9.3/avr/include/util/delay.h **** # warning "Compiler optimizations disabled; functions from <util/delay.h> won't work as designed"
  96:/usr/local/Cellar/avr-gcc/4.9.3/avr/include/util/delay.h **** #endif
  97:/usr/local/Cellar/avr-gcc/4.9.3/avr/include/util/delay.h **** 
  98:/usr/local/Cellar/avr-gcc/4.9.3/avr/include/util/delay.h **** #if __HAS_DELAY_CYCLES && defined(__OPTIMIZE__) && \
  99:/usr/local/Cellar/avr-gcc/4.9.3/avr/include/util/delay.h ****   !defined(__DELAY_BACKWARD_COMPATIBLE__) &&	   \
 100:/usr/local/Cellar/avr-gcc/4.9.3/avr/include/util/delay.h ****   __STDC_HOSTED__
 101:/usr/local/Cellar/avr-gcc/4.9.3/avr/include/util/delay.h **** #  include <math.h>
 102:/usr/local/Cellar/avr-gcc/4.9.3/avr/include/util/delay.h **** #endif
 103:/usr/local/Cellar/avr-gcc/4.9.3/avr/include/util/delay.h **** 
 104:/usr/local/Cellar/avr-gcc/4.9.3/avr/include/util/delay.h **** /**
 105:/usr/local/Cellar/avr-gcc/4.9.3/avr/include/util/delay.h ****    \ingroup util_delay
 106:/usr/local/Cellar/avr-gcc/4.9.3/avr/include/util/delay.h **** 
 107:/usr/local/Cellar/avr-gcc/4.9.3/avr/include/util/delay.h ****    Perform a delay of \c __ms milliseconds, using _delay_loop_2().
 108:/usr/local/Cellar/avr-gcc/4.9.3/avr/include/util/delay.h **** 
 109:/usr/local/Cellar/avr-gcc/4.9.3/avr/include/util/delay.h ****    The macro F_CPU is supposed to be defined to a
 110:/usr/local/Cellar/avr-gcc/4.9.3/avr/include/util/delay.h ****    constant defining the CPU clock frequency (in Hertz).
 111:/usr/local/Cellar/avr-gcc/4.9.3/avr/include/util/delay.h **** 
 112:/usr/local/Cellar/avr-gcc/4.9.3/avr/include/util/delay.h ****    The maximal possible delay is 262.14 ms / F_CPU in MHz.
 113:/usr/local/Cellar/avr-gcc/4.9.3/avr/include/util/delay.h **** 
 114:/usr/local/Cellar/avr-gcc/4.9.3/avr/include/util/delay.h ****    When the user request delay which exceed the maximum possible one,
 115:/usr/local/Cellar/avr-gcc/4.9.3/avr/include/util/delay.h ****    _delay_ms() provides a decreased resolution functionality. In this
 116:/usr/local/Cellar/avr-gcc/4.9.3/avr/include/util/delay.h ****    mode _delay_ms() will work with a resolution of 1/10 ms, providing
 117:/usr/local/Cellar/avr-gcc/4.9.3/avr/include/util/delay.h ****    delays up to 6.5535 seconds (independent from CPU frequency).  The
 118:/usr/local/Cellar/avr-gcc/4.9.3/avr/include/util/delay.h ****    user will not be informed about decreased resolution.
 119:/usr/local/Cellar/avr-gcc/4.9.3/avr/include/util/delay.h **** 
 120:/usr/local/Cellar/avr-gcc/4.9.3/avr/include/util/delay.h ****    If the avr-gcc toolchain has __builtin_avr_delay_cycles(unsigned long)
 121:/usr/local/Cellar/avr-gcc/4.9.3/avr/include/util/delay.h ****    support, maximal possible delay is 4294967.295 ms/ F_CPU in MHz. For
 122:/usr/local/Cellar/avr-gcc/4.9.3/avr/include/util/delay.h ****    values greater than the maximal possible delay, overflows results in
 123:/usr/local/Cellar/avr-gcc/4.9.3/avr/include/util/delay.h ****    no delay i.e., 0ms.
 124:/usr/local/Cellar/avr-gcc/4.9.3/avr/include/util/delay.h **** 
 125:/usr/local/Cellar/avr-gcc/4.9.3/avr/include/util/delay.h ****    Conversion of __us into clock cycles may not always result in integer.
 126:/usr/local/Cellar/avr-gcc/4.9.3/avr/include/util/delay.h ****    By default, the clock cycles rounded up to next integer. This ensures that
 127:/usr/local/Cellar/avr-gcc/4.9.3/avr/include/util/delay.h ****    the user gets atleast __us microseconds of delay.
 128:/usr/local/Cellar/avr-gcc/4.9.3/avr/include/util/delay.h **** 
 129:/usr/local/Cellar/avr-gcc/4.9.3/avr/include/util/delay.h ****    Alternatively, user can define __DELAY_ROUND_DOWN__ and __DELAY_ROUND_CLOSEST__
 130:/usr/local/Cellar/avr-gcc/4.9.3/avr/include/util/delay.h ****    to round down and round to closest integer.
 131:/usr/local/Cellar/avr-gcc/4.9.3/avr/include/util/delay.h **** 
 132:/usr/local/Cellar/avr-gcc/4.9.3/avr/include/util/delay.h ****    Note: The new implementation of _delay_ms(double __ms) with 
 133:/usr/local/Cellar/avr-gcc/4.9.3/avr/include/util/delay.h ****     __builtin_avr_delay_cycles(unsigned long) support is not backward compatible. 
 134:/usr/local/Cellar/avr-gcc/4.9.3/avr/include/util/delay.h ****    User can define __DELAY_BACKWARD_COMPATIBLE__ to get a backward compatible delay.
 135:/usr/local/Cellar/avr-gcc/4.9.3/avr/include/util/delay.h ****    Also, the backward compatible
 136:/usr/local/Cellar/avr-gcc/4.9.3/avr/include/util/delay.h ****    algorithm will be chosen if the code is compiled in a <em>freestanding
 137:/usr/local/Cellar/avr-gcc/4.9.3/avr/include/util/delay.h ****    environment</em> (GCC option \c -ffreestanding), as the math functions
 138:/usr/local/Cellar/avr-gcc/4.9.3/avr/include/util/delay.h ****    required for rounding are not available to the compiler then.
 139:/usr/local/Cellar/avr-gcc/4.9.3/avr/include/util/delay.h **** 
 140:/usr/local/Cellar/avr-gcc/4.9.3/avr/include/util/delay.h ****  */
 141:/usr/local/Cellar/avr-gcc/4.9.3/avr/include/util/delay.h **** void
 142:/usr/local/Cellar/avr-gcc/4.9.3/avr/include/util/delay.h **** _delay_ms(double __ms)
 143:/usr/local/Cellar/avr-gcc/4.9.3/avr/include/util/delay.h **** {
 144:/usr/local/Cellar/avr-gcc/4.9.3/avr/include/util/delay.h **** 	double __tmp ; 
 145:/usr/local/Cellar/avr-gcc/4.9.3/avr/include/util/delay.h **** #if __HAS_DELAY_CYCLES && defined(__OPTIMIZE__) && \
 146:/usr/local/Cellar/avr-gcc/4.9.3/avr/include/util/delay.h ****   !defined(__DELAY_BACKWARD_COMPATIBLE__) &&	   \
 147:/usr/local/Cellar/avr-gcc/4.9.3/avr/include/util/delay.h ****   __STDC_HOSTED__
 148:/usr/local/Cellar/avr-gcc/4.9.3/avr/include/util/delay.h **** 	uint32_t __ticks_dc;
 149:/usr/local/Cellar/avr-gcc/4.9.3/avr/include/util/delay.h **** 	extern void __builtin_avr_delay_cycles(unsigned long);
 150:/usr/local/Cellar/avr-gcc/4.9.3/avr/include/util/delay.h **** 	__tmp = ((F_CPU) / 1e3) * __ms;
 151:/usr/local/Cellar/avr-gcc/4.9.3/avr/include/util/delay.h **** 
 152:/usr/local/Cellar/avr-gcc/4.9.3/avr/include/util/delay.h **** 	#if defined(__DELAY_ROUND_DOWN__)
 153:/usr/local/Cellar/avr-gcc/4.9.3/avr/include/util/delay.h **** 		__ticks_dc = (uint32_t)fabs(__tmp);
 154:/usr/local/Cellar/avr-gcc/4.9.3/avr/include/util/delay.h **** 
 155:/usr/local/Cellar/avr-gcc/4.9.3/avr/include/util/delay.h **** 	#elif defined(__DELAY_ROUND_CLOSEST__)
 156:/usr/local/Cellar/avr-gcc/4.9.3/avr/include/util/delay.h **** 		__ticks_dc = (uint32_t)(fabs(__tmp)+0.5);
 157:/usr/local/Cellar/avr-gcc/4.9.3/avr/include/util/delay.h **** 
 158:/usr/local/Cellar/avr-gcc/4.9.3/avr/include/util/delay.h **** 	#else
 159:/usr/local/Cellar/avr-gcc/4.9.3/avr/include/util/delay.h **** 		//round up by default
 160:/usr/local/Cellar/avr-gcc/4.9.3/avr/include/util/delay.h **** 		__ticks_dc = (uint32_t)(ceil(fabs(__tmp)));
 161:/usr/local/Cellar/avr-gcc/4.9.3/avr/include/util/delay.h **** 	#endif
 162:/usr/local/Cellar/avr-gcc/4.9.3/avr/include/util/delay.h **** 
 163:/usr/local/Cellar/avr-gcc/4.9.3/avr/include/util/delay.h **** 	__builtin_avr_delay_cycles(__ticks_dc);
 229               	.LM18:
 230 006e 2FE7      		ldi r18,lo8(79999)
 231 0070 88E3      		ldi r24,hi8(79999)
 232 0072 91E0      		ldi r25,hlo8(79999)
 233 0074 2150      		1: subi r18,1
 234 0076 8040      		sbci r24,0
 235 0078 9040      		sbci r25,0
 236 007a 01F4      		brne 1b
 237 007c 00C0      		rjmp .
 238 007e 0000      		nop
 239               	.LBE7:
 240               	.LBE6:
 241               	.LBE5:
 243               	.Ltext2:
  43:/Users/davide/Documents/NQM_WORK/MinimizedBoard/Attiny48/i2ctest/CC1101/CC1101/main.c ****             _delay_ms (100);
  44:/Users/davide/Documents/NQM_WORK/MinimizedBoard/Attiny48/i2ctest/CC1101/CC1101/main.c ****         }
  45:/Users/davide/Documents/NQM_WORK/MinimizedBoard/Attiny48/i2ctest/CC1101/CC1101/main.c ****         
  46:/Users/davide/Documents/NQM_WORK/MinimizedBoard/Attiny48/i2ctest/CC1101/CC1101/main.c ****     }
 245               	.LM19:
 246 0080 00C0      		rjmp .L6
 253               	.Lscope1:
 254               		.comm	devAddress,1,1
 255               		.comm	syncWord,2,1
 256               		.comm	channel,1,1
 257               		.comm	carrierFreq,1,1
 258               		.comm	paTableByte,1,1
 259               		.comm	rfState,1,1
 260               		.comm	CCPACKET,65,1
 268               		.text
 270               	.Letext0:
 271               		.ident	"GCC: (GNU) 4.9.3"
 272               	.global __do_clear_bss
DEFINED SYMBOLS
                            *ABS*:0000000000000000 main.c
/var/folders/fc/8p1lqrrj7p3f4bt9djyny4yh0000gn/T//ccpEwGr6.s:2      *ABS*:000000000000003e __SP_H__
/var/folders/fc/8p1lqrrj7p3f4bt9djyny4yh0000gn/T//ccpEwGr6.s:3      *ABS*:000000000000003d __SP_L__
/var/folders/fc/8p1lqrrj7p3f4bt9djyny4yh0000gn/T//ccpEwGr6.s:4      *ABS*:000000000000003f __SREG__
/var/folders/fc/8p1lqrrj7p3f4bt9djyny4yh0000gn/T//ccpEwGr6.s:5      *ABS*:0000000000000000 __tmp_reg__
/var/folders/fc/8p1lqrrj7p3f4bt9djyny4yh0000gn/T//ccpEwGr6.s:6      *ABS*:0000000000000001 __zero_reg__
/var/folders/fc/8p1lqrrj7p3f4bt9djyny4yh0000gn/T//ccpEwGr6.s:122    .text.startup:0000000000000000 main
                            *COM*:0000000000000001 devAddress
                            *COM*:0000000000000002 syncWord
                            *COM*:0000000000000001 channel
                            *COM*:0000000000000001 carrierFreq
                            *COM*:0000000000000001 paTableByte
                            *COM*:0000000000000001 rfState
                            *COM*:0000000000000041 CCPACKET

UNDEFINED SYMBOLS
TWIM_Init
init
setSyncWordbytes
setCarrierFreq
writeReg
readReg
TWIM_Start
TWIM_Stop
TWIM_Write
__do_clear_bss
